/home/contranickted/sim_ws/src/car_vroom_vroom/install/car_vroom_vroom/lib/python3.8/site-packages/car_vroom_vroom/ml_inference.py
/home/contranickted/sim_ws/src/car_vroom_vroom/install/car_vroom_vroom/lib/python3.8/site-packages/car_vroom_vroom/env_wrapper.py
/home/contranickted/sim_ws/src/car_vroom_vroom/install/car_vroom_vroom/lib/python3.8/site-packages/car_vroom_vroom/__init__.py
/home/contranickted/sim_ws/src/car_vroom_vroom/install/car_vroom_vroom/lib/python3.8/site-packages/car_vroom_vroom/ml_train.py
/home/contranickted/sim_ws/src/car_vroom_vroom/install/car_vroom_vroom/lib/python3.8/site-packages/car_vroom_vroom/__pycache__/ml_inference.cpython-38.pyc
/home/contranickted/sim_ws/src/car_vroom_vroom/install/car_vroom_vroom/lib/python3.8/site-packages/car_vroom_vroom/__pycache__/env_wrapper.cpython-38.pyc
/home/contranickted/sim_ws/src/car_vroom_vroom/install/car_vroom_vroom/lib/python3.8/site-packages/car_vroom_vroom/__pycache__/__init__.cpython-38.pyc
/home/contranickted/sim_ws/src/car_vroom_vroom/install/car_vroom_vroom/lib/python3.8/site-packages/car_vroom_vroom/__pycache__/ml_train.cpython-38.pyc
/home/contranickted/sim_ws/src/car_vroom_vroom/install/car_vroom_vroom/share/ament_index/resource_index/packages/car_vroom_vroom
/home/contranickted/sim_ws/src/car_vroom_vroom/install/car_vroom_vroom/share/car_vroom_vroom/package.xml
/home/contranickted/sim_ws/src/car_vroom_vroom/install/car_vroom_vroom/share/car_vroom_vroom/config/inference.yaml
/home/contranickted/sim_ws/src/car_vroom_vroom/install/car_vroom_vroom/share/car_vroom_vroom/config/training.yaml
/home/contranickted/sim_ws/src/car_vroom_vroom/install/car_vroom_vroom/share/car_vroom_vroom/launch/inference_launch.py
/home/contranickted/sim_ws/src/car_vroom_vroom/install/car_vroom_vroom/share/car_vroom_vroom/launch/training_launch.py
/home/contranickted/sim_ws/src/car_vroom_vroom/install/car_vroom_vroom/lib/python3.8/site-packages/car_vroom_vroom-0.0.0-py3.8.egg-info/top_level.txt
/home/contranickted/sim_ws/src/car_vroom_vroom/install/car_vroom_vroom/lib/python3.8/site-packages/car_vroom_vroom-0.0.0-py3.8.egg-info/requires.txt
/home/contranickted/sim_ws/src/car_vroom_vroom/install/car_vroom_vroom/lib/python3.8/site-packages/car_vroom_vroom-0.0.0-py3.8.egg-info/entry_points.txt
/home/contranickted/sim_ws/src/car_vroom_vroom/install/car_vroom_vroom/lib/python3.8/site-packages/car_vroom_vroom-0.0.0-py3.8.egg-info/dependency_links.txt
/home/contranickted/sim_ws/src/car_vroom_vroom/install/car_vroom_vroom/lib/python3.8/site-packages/car_vroom_vroom-0.0.0-py3.8.egg-info/SOURCES.txt
/home/contranickted/sim_ws/src/car_vroom_vroom/install/car_vroom_vroom/lib/python3.8/site-packages/car_vroom_vroom-0.0.0-py3.8.egg-info/zip-safe
/home/contranickted/sim_ws/src/car_vroom_vroom/install/car_vroom_vroom/lib/python3.8/site-packages/car_vroom_vroom-0.0.0-py3.8.egg-info/PKG-INFO
/home/contranickted/sim_ws/src/car_vroom_vroom/install/car_vroom_vroom/lib/car_vroom_vroom/ml_inference
/home/contranickted/sim_ws/src/car_vroom_vroom/install/car_vroom_vroom/lib/car_vroom_vroom/ml_train
